<?xml version="1.0" encoding="UTF-8"?>
<!-- Generated by org.testng.reporters.JUnitReportReporter -->
<testsuite hostname="DESKTOP-U0F91N6" failures="0" tests="97" name="Tool.Edit_Flags" time="981.786" errors="3" timestamp="2023-09-13T12:00:02 ICT" skipped="0">
  <testcase classname="Tool.Edit_Flags" name="multiLogin" time="7.596"/>
  <testcase classname="Tool.Edit_Flags" name="multiLogin" time="8.035"/>
  <testcase classname="Tool.Edit_Flags" name="multiLogin" time="8.891"/>
  <testcase classname="Tool.Edit_Flags" name="multiLogin" time="7.848"/>
  <testcase classname="Tool.Edit_Flags" name="multiLogin" time="8.026"/>
  <testcase classname="Tool.Edit_Flags" name="multiLogin" time="7.741"/>
  <testcase classname="Tool.Edit_Flags" name="multiLogin" time="7.831"/>
  <testcase classname="Tool.Edit_Flags" name="multiLogin" time="7.498"/>
  <testcase classname="Tool.Edit_Flags" name="multiLogin" time="7.844"/>
  <testcase classname="Tool.Edit_Flags" name="multiLogin" time="7.654"/>
  <testcase classname="Tool.Edit_Flags" name="multiLogin" time="8.937"/>
  <testcase classname="Tool.Edit_Flags" name="multiLogin" time="7.798"/>
  <testcase classname="Tool.Edit_Flags" name="multiLogin" time="7.991"/>
  <testcase classname="Tool.Edit_Flags" name="multiLogin" time="7.629"/>
  <testcase classname="Tool.Edit_Flags" name="multiLogin" time="7.348"/>
  <testcase classname="Tool.Edit_Flags" name="multiLogin" time="22.614"/>
  <testcase classname="Tool.Edit_Flags" name="multiLogin" time="8.002"/>
  <testcase classname="Tool.Edit_Flags" name="multiLogin" time="7.822"/>
  <testcase classname="Tool.Edit_Flags" name="multiLogin" time="7.814"/>
  <testcase classname="Tool.Edit_Flags" name="multiLogin" time="7.854"/>
  <testcase classname="Tool.Edit_Flags" name="multiLogin" time="8.680"/>
  <testcase classname="Tool.Edit_Flags" name="multiLogin" time="7.989"/>
  <testcase classname="Tool.Edit_Flags" name="multiLogin" time="8.362"/>
  <testcase classname="Tool.Edit_Flags" name="multiLogin" time="7.849"/>
  <testcase classname="Tool.Edit_Flags" name="multiLogin" time="21.789"/>
  <testcase classname="Tool.Edit_Flags" name="multiLogin" time="8.354"/>
  <testcase classname="Tool.Edit_Flags" name="multiLogin" time="7.680"/>
  <testcase classname="Tool.Edit_Flags" name="multiLogin" time="7.936"/>
  <testcase classname="Tool.Edit_Flags" name="multiLogin" time="8.065"/>
  <testcase classname="Tool.Edit_Flags" name="multiLogin" time="7.881"/>
  <testcase classname="Tool.Edit_Flags" name="multiLogin" time="7.987"/>
  <testcase classname="Tool.Edit_Flags" name="multiLogin" time="7.558"/>
  <testcase classname="Tool.Edit_Flags" name="multiLogin" time="7.743"/>
  <testcase classname="Tool.Edit_Flags" name="multiLogin" time="8.090"/>
  <testcase classname="Tool.Edit_Flags" name="multiLogin" time="7.927"/>
  <testcase classname="Tool.Edit_Flags" name="multiLogin" time="7.772"/>
  <testcase classname="Tool.Edit_Flags" name="multiLogin" time="7.730"/>
  <testcase classname="Tool.Edit_Flags" name="multiLogin" time="8.323"/>
  <testcase classname="Tool.Edit_Flags" name="multiLogin" time="8.174"/>
  <testcase classname="Tool.Edit_Flags" name="multiLogin" time="8.229"/>
  <testcase classname="Tool.Edit_Flags" name="multiLogin" time="7.949"/>
  <testcase classname="Tool.Edit_Flags" name="multiLogin" time="8.317"/>
  <testcase classname="Tool.Edit_Flags" name="multiLogin" time="9.201"/>
  <testcase classname="Tool.Edit_Flags" name="multiLogin" time="7.607"/>
  <testcase classname="Tool.Edit_Flags" name="multiLogin" time="4.483">
    <error message="element click intercepted: Element &lt;button class=&quot;btn btn-primary&quot; type=&quot;submit&quot;&gt;...&lt;/button&gt; is not clickable at point (656, 587). Other element would receive the click: &lt;div class=&quot;alert text-center cookiealert show&quot; role=&quot;alert&quot;&gt;...&lt;/div&gt;
  (Session info: chrome=116.0.5845.182)
Build info: version: &#039;4.10.0&#039;, revision: &#039;c14d967899&#039;
System info: os.name: &#039;Windows 10&#039;, os.arch: &#039;amd64&#039;, os.version: &#039;10.0&#039;, java.version: &#039;17.0.7&#039;
Driver info: org.openqa.selenium.chrome.ChromeDriver
Command: [a3537e676df505f535bd69c97047a564, clickElement {id=80EE2598B321A434C2B31B4347D50141_element_57}]
Capabilities {acceptInsecureCerts: false, browserName: chrome, browserVersion: 116.0.5845.182, chrome: {chromedriverVersion: 116.0.5845.96 (1a3918166880..., userDataDir: C:\Users\trung\AppData\Loca...}, fedcm:accounts: true, goog:chromeOptions: {debuggerAddress: localhost:55404}, networkConnectionEnabled: false, pageLoadStrategy: normal, platformName: windows, proxy: Proxy(), se:cdp: ws://localhost:55404/devtoo..., se:cdpVersion: 116.0.5845.182, setWindowRect: true, strictFileInteractability: false, timeouts: {implicit: 0, pageLoad: 300000, script: 30000}, unhandledPromptBehavior: dismiss and notify, webauthn:extension:credBlob: true, webauthn:extension:largeBlob: true, webauthn:extension:minPinLength: true, webauthn:extension:prf: true, webauthn:virtualAuthenticators: true}
Element: [[ChromeDriver: chrome on windows (a3537e676df505f535bd69c97047a564)] -&gt; xpath: //*[@id=&quot;login_form&quot;]/div[4]/button]
Session ID: a3537e676df505f535bd69c97047a564" type="org.openqa.selenium.ElementClickInterceptedException">
      <![CDATA[org.openqa.selenium.ElementClickInterceptedException: element click intercepted: Element <button class="btn btn-primary" type="submit">...</button> is not clickable at point (656, 587). Other element would receive the click: <div class="alert text-center cookiealert show" role="alert">...</div>
  (Session info: chrome=116.0.5845.182)
Build info: version: '4.10.0', revision: 'c14d967899'
System info: os.name: 'Windows 10', os.arch: 'amd64', os.version: '10.0', java.version: '17.0.7'
Driver info: org.openqa.selenium.chrome.ChromeDriver
Command: [a3537e676df505f535bd69c97047a564, clickElement {id=80EE2598B321A434C2B31B4347D50141_element_57}]
Capabilities {acceptInsecureCerts: false, browserName: chrome, browserVersion: 116.0.5845.182, chrome: {chromedriverVersion: 116.0.5845.96 (1a3918166880..., userDataDir: C:\Users\trung\AppData\Loca...}, fedcm:accounts: true, goog:chromeOptions: {debuggerAddress: localhost:55404}, networkConnectionEnabled: false, pageLoadStrategy: normal, platformName: windows, proxy: Proxy(), se:cdp: ws://localhost:55404/devtoo..., se:cdpVersion: 116.0.5845.182, setWindowRect: true, strictFileInteractability: false, timeouts: {implicit: 0, pageLoad: 300000, script: 30000}, unhandledPromptBehavior: dismiss and notify, webauthn:extension:credBlob: true, webauthn:extension:largeBlob: true, webauthn:extension:minPinLength: true, webauthn:extension:prf: true, webauthn:virtualAuthenticators: true}
Element: [[ChromeDriver: chrome on windows (a3537e676df505f535bd69c97047a564)] -> xpath: //*[@id="login_form"]/div[4]/button]
Session ID: a3537e676df505f535bd69c97047a564
at java.base/jdk.internal.reflect.NativeConstructorAccessorImpl.newInstance0(Native Method)
at java.base/jdk.internal.reflect.NativeConstructorAccessorImpl.newInstance(NativeConstructorAccessorImpl.java:77)
at java.base/jdk.internal.reflect.DelegatingConstructorAccessorImpl.newInstance(DelegatingConstructorAccessorImpl.java:45)
at java.base/java.lang.reflect.Constructor.newInstanceWithCaller(Constructor.java:499)
at java.base/java.lang.reflect.Constructor.newInstance(Constructor.java:480)
at org.openqa.selenium.remote.codec.w3c.W3CHttpResponseCodec.createException(W3CHttpResponseCodec.java:199)
at org.openqa.selenium.remote.codec.w3c.W3CHttpResponseCodec.decode(W3CHttpResponseCodec.java:132)
at org.openqa.selenium.remote.codec.w3c.W3CHttpResponseCodec.decode(W3CHttpResponseCodec.java:51)
at org.openqa.selenium.remote.HttpCommandExecutor.execute(HttpCommandExecutor.java:191)
at org.openqa.selenium.remote.service.DriverCommandExecutor.invokeExecute(DriverCommandExecutor.java:196)
at org.openqa.selenium.remote.service.DriverCommandExecutor.execute(DriverCommandExecutor.java:171)
at org.openqa.selenium.remote.RemoteWebDriver.execute(RemoteWebDriver.java:531)
at org.openqa.selenium.remote.RemoteWebElement.execute(RemoteWebElement.java:242)
at org.openqa.selenium.remote.RemoteWebElement.click(RemoteWebElement.java:77)
at Tool.Edit_Flags.processLogin(Edit_Flags.java:56)
at Tool.Edit_Flags.multiLogin(Edit_Flags.java:61)
at java.base/jdk.internal.reflect.NativeMethodAccessorImpl.invoke0(Native Method)
at java.base/jdk.internal.reflect.NativeMethodAccessorImpl.invoke(NativeMethodAccessorImpl.java:77)
at java.base/jdk.internal.reflect.DelegatingMethodAccessorImpl.invoke(DelegatingMethodAccessorImpl.java:43)
at java.base/java.lang.reflect.Method.invoke(Method.java:568)
at org.testng.internal.invokers.MethodInvocationHelper.invokeMethod(MethodInvocationHelper.java:139)
at org.testng.internal.invokers.TestInvoker.invokeMethod(TestInvoker.java:664)
at org.testng.internal.invokers.TestInvoker.invokeTestMethod(TestInvoker.java:227)
at org.testng.internal.invokers.MethodRunner.runInSequence(MethodRunner.java:50)
at org.testng.internal.invokers.TestInvoker$MethodInvocationAgent.invoke(TestInvoker.java:957)
at org.testng.internal.invokers.TestInvoker.invokeTestMethods(TestInvoker.java:200)
at org.testng.internal.invokers.TestMethodWorker.invokeTestMethods(TestMethodWorker.java:148)
at org.testng.internal.invokers.TestMethodWorker.run(TestMethodWorker.java:128)
at java.base/java.util.ArrayList.forEach(ArrayList.java:1511)
at org.testng.TestRunner.privateRun(TestRunner.java:848)
at org.testng.TestRunner.run(TestRunner.java:621)
at org.testng.SuiteRunner.runTest(SuiteRunner.java:443)
at org.testng.SuiteRunner.runSequentially(SuiteRunner.java:437)
at org.testng.SuiteRunner.privateRun(SuiteRunner.java:397)
at org.testng.SuiteRunner.run(SuiteRunner.java:336)
at org.testng.SuiteRunnerWorker.runSuite(SuiteRunnerWorker.java:52)
at org.testng.SuiteRunnerWorker.run(SuiteRunnerWorker.java:95)
at org.testng.TestNG.runSuitesSequentially(TestNG.java:1280)
at org.testng.TestNG.runSuitesLocally(TestNG.java:1200)
at org.testng.TestNG.runSuites(TestNG.java:1114)
at org.testng.TestNG.run(TestNG.java:1082)
at org.testng.remote.AbstractRemoteTestNG.run(AbstractRemoteTestNG.java:115)
at org.testng.remote.RemoteTestNG.initAndRun(RemoteTestNG.java:251)
at org.testng.remote.RemoteTestNG.main(RemoteTestNG.java:77)
]]>
    </error>
  </testcase> <!-- multiLogin -->
  <testcase classname="Tool.Edit_Flags" name="multiLogin" time="7.728"/>
  <testcase classname="Tool.Edit_Flags" name="multiLogin" time="7.816"/>
  <testcase classname="Tool.Edit_Flags" name="multiLogin" time="7.841"/>
  <testcase classname="Tool.Edit_Flags" name="multiLogin" time="7.779"/>
  <testcase classname="Tool.Edit_Flags" name="multiLogin" time="8.031"/>
  <testcase classname="Tool.Edit_Flags" name="multiLogin" time="8.239"/>
  <testcase classname="Tool.Edit_Flags" name="multiLogin" time="23.094"/>
  <testcase classname="Tool.Edit_Flags" name="multiLogin" time="7.935"/>
  <testcase classname="Tool.Edit_Flags" name="multiLogin" time="7.724"/>
  <testcase classname="Tool.Edit_Flags" name="multiLogin" time="7.522"/>
  <testcase classname="Tool.Edit_Flags" name="multiLogin" time="7.741"/>
  <testcase classname="Tool.Edit_Flags" name="multiLogin" time="7.667"/>
  <testcase classname="Tool.Edit_Flags" name="multiLogin" time="8.091"/>
  <testcase classname="Tool.Edit_Flags" name="multiLogin" time="7.780"/>
  <testcase classname="Tool.Edit_Flags" name="multiLogin" time="8.095"/>
  <testcase classname="Tool.Edit_Flags" name="multiLogin" time="9.098"/>
  <testcase classname="Tool.Edit_Flags" name="multiLogin" time="7.822"/>
  <testcase classname="Tool.Edit_Flags" name="multiLogin" time="27.059"/>
  <testcase classname="Tool.Edit_Flags" name="multiLogin" time="7.828"/>
  <testcase classname="Tool.Edit_Flags" name="multiLogin" time="7.872"/>
  <testcase classname="Tool.Edit_Flags" name="multiLogin" time="7.690"/>
  <testcase classname="Tool.Edit_Flags" name="multiLogin" time="7.554"/>
  <testcase classname="Tool.Edit_Flags" name="multiLogin" time="19.640">
    <error message="element click intercepted: Element &lt;button class=&quot;btn btn-primary&quot; type=&quot;submit&quot;&gt;...&lt;/button&gt; is not clickable at point (656, 587). Other element would receive the click: &lt;div class=&quot;alert text-center cookiealert show&quot; role=&quot;alert&quot;&gt;...&lt;/div&gt;
  (Session info: chrome=116.0.5845.182)
Build info: version: &#039;4.10.0&#039;, revision: &#039;c14d967899&#039;
System info: os.name: &#039;Windows 10&#039;, os.arch: &#039;amd64&#039;, os.version: &#039;10.0&#039;, java.version: &#039;17.0.7&#039;
Driver info: org.openqa.selenium.chrome.ChromeDriver
Command: [40acfb6e9089a4fe9128c1fd1876b08f, clickElement {id=8EBF24FD851F9FA6B4275988B95B7A32_element_65}]
Capabilities {acceptInsecureCerts: false, browserName: chrome, browserVersion: 116.0.5845.182, chrome: {chromedriverVersion: 116.0.5845.96 (1a3918166880..., userDataDir: C:\Users\trung\AppData\Loca...}, fedcm:accounts: true, goog:chromeOptions: {debuggerAddress: localhost:55326}, networkConnectionEnabled: false, pageLoadStrategy: normal, platformName: windows, proxy: Proxy(), se:cdp: ws://localhost:55326/devtoo..., se:cdpVersion: 116.0.5845.182, setWindowRect: true, strictFileInteractability: false, timeouts: {implicit: 0, pageLoad: 300000, script: 30000}, unhandledPromptBehavior: dismiss and notify, webauthn:extension:credBlob: true, webauthn:extension:largeBlob: true, webauthn:extension:minPinLength: true, webauthn:extension:prf: true, webauthn:virtualAuthenticators: true}
Element: [[ChromeDriver: chrome on windows (40acfb6e9089a4fe9128c1fd1876b08f)] -&gt; xpath: //*[@id=&quot;login_form&quot;]/div[4]/button]
Session ID: 40acfb6e9089a4fe9128c1fd1876b08f" type="org.openqa.selenium.ElementClickInterceptedException">
      <![CDATA[org.openqa.selenium.ElementClickInterceptedException: element click intercepted: Element <button class="btn btn-primary" type="submit">...</button> is not clickable at point (656, 587). Other element would receive the click: <div class="alert text-center cookiealert show" role="alert">...</div>
  (Session info: chrome=116.0.5845.182)
Build info: version: '4.10.0', revision: 'c14d967899'
System info: os.name: 'Windows 10', os.arch: 'amd64', os.version: '10.0', java.version: '17.0.7'
Driver info: org.openqa.selenium.chrome.ChromeDriver
Command: [40acfb6e9089a4fe9128c1fd1876b08f, clickElement {id=8EBF24FD851F9FA6B4275988B95B7A32_element_65}]
Capabilities {acceptInsecureCerts: false, browserName: chrome, browserVersion: 116.0.5845.182, chrome: {chromedriverVersion: 116.0.5845.96 (1a3918166880..., userDataDir: C:\Users\trung\AppData\Loca...}, fedcm:accounts: true, goog:chromeOptions: {debuggerAddress: localhost:55326}, networkConnectionEnabled: false, pageLoadStrategy: normal, platformName: windows, proxy: Proxy(), se:cdp: ws://localhost:55326/devtoo..., se:cdpVersion: 116.0.5845.182, setWindowRect: true, strictFileInteractability: false, timeouts: {implicit: 0, pageLoad: 300000, script: 30000}, unhandledPromptBehavior: dismiss and notify, webauthn:extension:credBlob: true, webauthn:extension:largeBlob: true, webauthn:extension:minPinLength: true, webauthn:extension:prf: true, webauthn:virtualAuthenticators: true}
Element: [[ChromeDriver: chrome on windows (40acfb6e9089a4fe9128c1fd1876b08f)] -> xpath: //*[@id="login_form"]/div[4]/button]
Session ID: 40acfb6e9089a4fe9128c1fd1876b08f
at java.base/jdk.internal.reflect.NativeConstructorAccessorImpl.newInstance0(Native Method)
at java.base/jdk.internal.reflect.NativeConstructorAccessorImpl.newInstance(NativeConstructorAccessorImpl.java:77)
at java.base/jdk.internal.reflect.DelegatingConstructorAccessorImpl.newInstance(DelegatingConstructorAccessorImpl.java:45)
at java.base/java.lang.reflect.Constructor.newInstanceWithCaller(Constructor.java:499)
at java.base/java.lang.reflect.Constructor.newInstance(Constructor.java:480)
at org.openqa.selenium.remote.codec.w3c.W3CHttpResponseCodec.createException(W3CHttpResponseCodec.java:199)
at org.openqa.selenium.remote.codec.w3c.W3CHttpResponseCodec.decode(W3CHttpResponseCodec.java:132)
at org.openqa.selenium.remote.codec.w3c.W3CHttpResponseCodec.decode(W3CHttpResponseCodec.java:51)
at org.openqa.selenium.remote.HttpCommandExecutor.execute(HttpCommandExecutor.java:191)
at org.openqa.selenium.remote.service.DriverCommandExecutor.invokeExecute(DriverCommandExecutor.java:196)
at org.openqa.selenium.remote.service.DriverCommandExecutor.execute(DriverCommandExecutor.java:171)
at org.openqa.selenium.remote.RemoteWebDriver.execute(RemoteWebDriver.java:531)
at org.openqa.selenium.remote.RemoteWebElement.execute(RemoteWebElement.java:242)
at org.openqa.selenium.remote.RemoteWebElement.click(RemoteWebElement.java:77)
at Tool.Edit_Flags.processLogin(Edit_Flags.java:56)
at Tool.Edit_Flags.multiLogin(Edit_Flags.java:61)
at java.base/jdk.internal.reflect.NativeMethodAccessorImpl.invoke0(Native Method)
at java.base/jdk.internal.reflect.NativeMethodAccessorImpl.invoke(NativeMethodAccessorImpl.java:77)
at java.base/jdk.internal.reflect.DelegatingMethodAccessorImpl.invoke(DelegatingMethodAccessorImpl.java:43)
at java.base/java.lang.reflect.Method.invoke(Method.java:568)
at org.testng.internal.invokers.MethodInvocationHelper.invokeMethod(MethodInvocationHelper.java:139)
at org.testng.internal.invokers.TestInvoker.invokeMethod(TestInvoker.java:664)
at org.testng.internal.invokers.TestInvoker.invokeTestMethod(TestInvoker.java:227)
at org.testng.internal.invokers.MethodRunner.runInSequence(MethodRunner.java:50)
at org.testng.internal.invokers.TestInvoker$MethodInvocationAgent.invoke(TestInvoker.java:957)
at org.testng.internal.invokers.TestInvoker.invokeTestMethods(TestInvoker.java:200)
at org.testng.internal.invokers.TestMethodWorker.invokeTestMethods(TestMethodWorker.java:148)
at org.testng.internal.invokers.TestMethodWorker.run(TestMethodWorker.java:128)
at java.base/java.util.ArrayList.forEach(ArrayList.java:1511)
at org.testng.TestRunner.privateRun(TestRunner.java:848)
at org.testng.TestRunner.run(TestRunner.java:621)
at org.testng.SuiteRunner.runTest(SuiteRunner.java:443)
at org.testng.SuiteRunner.runSequentially(SuiteRunner.java:437)
at org.testng.SuiteRunner.privateRun(SuiteRunner.java:397)
at org.testng.SuiteRunner.run(SuiteRunner.java:336)
at org.testng.SuiteRunnerWorker.runSuite(SuiteRunnerWorker.java:52)
at org.testng.SuiteRunnerWorker.run(SuiteRunnerWorker.java:95)
at org.testng.TestNG.runSuitesSequentially(TestNG.java:1280)
at org.testng.TestNG.runSuitesLocally(TestNG.java:1200)
at org.testng.TestNG.runSuites(TestNG.java:1114)
at org.testng.TestNG.run(TestNG.java:1082)
at org.testng.remote.AbstractRemoteTestNG.run(AbstractRemoteTestNG.java:115)
at org.testng.remote.RemoteTestNG.initAndRun(RemoteTestNG.java:251)
at org.testng.remote.RemoteTestNG.main(RemoteTestNG.java:77)
]]>
    </error>
  </testcase> <!-- multiLogin -->
  <testcase classname="Tool.Edit_Flags" name="multiLogin" time="8.035"/>
  <testcase classname="Tool.Edit_Flags" name="multiLogin" time="7.561"/>
  <testcase classname="Tool.Edit_Flags" name="multiLogin" time="7.831"/>
  <testcase classname="Tool.Edit_Flags" name="multiLogin" time="26.893"/>
  <testcase classname="Tool.Edit_Flags" name="multiLogin" time="6.932"/>
  <testcase classname="Tool.Edit_Flags" name="multiLogin" time="7.921"/>
  <testcase classname="Tool.Edit_Flags" name="multiLogin" time="7.747"/>
  <testcase classname="Tool.Edit_Flags" name="multiLogin" time="7.846"/>
  <testcase classname="Tool.Edit_Flags" name="multiLogin" time="7.865"/>
  <testcase classname="Tool.Edit_Flags" name="multiLogin" time="7.841"/>
  <testcase classname="Tool.Edit_Flags" name="multiLogin" time="26.564"/>
  <testcase classname="Tool.Edit_Flags" name="multiLogin" time="4.316">
    <error message="element click intercepted: Element &lt;button class=&quot;btn btn-primary&quot; type=&quot;submit&quot;&gt;...&lt;/button&gt; is not clickable at point (656, 587). Other element would receive the click: &lt;div class=&quot;alert text-center cookiealert show&quot; role=&quot;alert&quot;&gt;...&lt;/div&gt;
  (Session info: chrome=116.0.5845.182)
Build info: version: &#039;4.10.0&#039;, revision: &#039;c14d967899&#039;
System info: os.name: &#039;Windows 10&#039;, os.arch: &#039;amd64&#039;, os.version: &#039;10.0&#039;, java.version: &#039;17.0.7&#039;
Driver info: org.openqa.selenium.chrome.ChromeDriver
Command: [929a9466670bf1afdb3f279a389f2080, clickElement {id=542140DF0E7A96DF6D91FEF237D65E1E_element_65}]
Capabilities {acceptInsecureCerts: false, browserName: chrome, browserVersion: 116.0.5845.182, chrome: {chromedriverVersion: 116.0.5845.96 (1a3918166880..., userDataDir: C:\Users\trung\AppData\Loca...}, fedcm:accounts: true, goog:chromeOptions: {debuggerAddress: localhost:56609}, networkConnectionEnabled: false, pageLoadStrategy: normal, platformName: windows, proxy: Proxy(), se:cdp: ws://localhost:56609/devtoo..., se:cdpVersion: 116.0.5845.182, setWindowRect: true, strictFileInteractability: false, timeouts: {implicit: 0, pageLoad: 300000, script: 30000}, unhandledPromptBehavior: dismiss and notify, webauthn:extension:credBlob: true, webauthn:extension:largeBlob: true, webauthn:extension:minPinLength: true, webauthn:extension:prf: true, webauthn:virtualAuthenticators: true}
Element: [[ChromeDriver: chrome on windows (929a9466670bf1afdb3f279a389f2080)] -&gt; xpath: //*[@id=&quot;login_form&quot;]/div[4]/button]
Session ID: 929a9466670bf1afdb3f279a389f2080" type="org.openqa.selenium.ElementClickInterceptedException">
      <![CDATA[org.openqa.selenium.ElementClickInterceptedException: element click intercepted: Element <button class="btn btn-primary" type="submit">...</button> is not clickable at point (656, 587). Other element would receive the click: <div class="alert text-center cookiealert show" role="alert">...</div>
  (Session info: chrome=116.0.5845.182)
Build info: version: '4.10.0', revision: 'c14d967899'
System info: os.name: 'Windows 10', os.arch: 'amd64', os.version: '10.0', java.version: '17.0.7'
Driver info: org.openqa.selenium.chrome.ChromeDriver
Command: [929a9466670bf1afdb3f279a389f2080, clickElement {id=542140DF0E7A96DF6D91FEF237D65E1E_element_65}]
Capabilities {acceptInsecureCerts: false, browserName: chrome, browserVersion: 116.0.5845.182, chrome: {chromedriverVersion: 116.0.5845.96 (1a3918166880..., userDataDir: C:\Users\trung\AppData\Loca...}, fedcm:accounts: true, goog:chromeOptions: {debuggerAddress: localhost:56609}, networkConnectionEnabled: false, pageLoadStrategy: normal, platformName: windows, proxy: Proxy(), se:cdp: ws://localhost:56609/devtoo..., se:cdpVersion: 116.0.5845.182, setWindowRect: true, strictFileInteractability: false, timeouts: {implicit: 0, pageLoad: 300000, script: 30000}, unhandledPromptBehavior: dismiss and notify, webauthn:extension:credBlob: true, webauthn:extension:largeBlob: true, webauthn:extension:minPinLength: true, webauthn:extension:prf: true, webauthn:virtualAuthenticators: true}
Element: [[ChromeDriver: chrome on windows (929a9466670bf1afdb3f279a389f2080)] -> xpath: //*[@id="login_form"]/div[4]/button]
Session ID: 929a9466670bf1afdb3f279a389f2080
at java.base/jdk.internal.reflect.NativeConstructorAccessorImpl.newInstance0(Native Method)
at java.base/jdk.internal.reflect.NativeConstructorAccessorImpl.newInstance(NativeConstructorAccessorImpl.java:77)
at java.base/jdk.internal.reflect.DelegatingConstructorAccessorImpl.newInstance(DelegatingConstructorAccessorImpl.java:45)
at java.base/java.lang.reflect.Constructor.newInstanceWithCaller(Constructor.java:499)
at java.base/java.lang.reflect.Constructor.newInstance(Constructor.java:480)
at org.openqa.selenium.remote.codec.w3c.W3CHttpResponseCodec.createException(W3CHttpResponseCodec.java:199)
at org.openqa.selenium.remote.codec.w3c.W3CHttpResponseCodec.decode(W3CHttpResponseCodec.java:132)
at org.openqa.selenium.remote.codec.w3c.W3CHttpResponseCodec.decode(W3CHttpResponseCodec.java:51)
at org.openqa.selenium.remote.HttpCommandExecutor.execute(HttpCommandExecutor.java:191)
at org.openqa.selenium.remote.service.DriverCommandExecutor.invokeExecute(DriverCommandExecutor.java:196)
at org.openqa.selenium.remote.service.DriverCommandExecutor.execute(DriverCommandExecutor.java:171)
at org.openqa.selenium.remote.RemoteWebDriver.execute(RemoteWebDriver.java:531)
at org.openqa.selenium.remote.RemoteWebElement.execute(RemoteWebElement.java:242)
at org.openqa.selenium.remote.RemoteWebElement.click(RemoteWebElement.java:77)
at Tool.Edit_Flags.processLogin(Edit_Flags.java:56)
at Tool.Edit_Flags.multiLogin(Edit_Flags.java:61)
at jdk.internal.reflect.GeneratedMethodAccessor2.invoke(Unknown Source)
at java.base/jdk.internal.reflect.DelegatingMethodAccessorImpl.invoke(DelegatingMethodAccessorImpl.java:43)
at java.base/java.lang.reflect.Method.invoke(Method.java:568)
at org.testng.internal.invokers.MethodInvocationHelper.invokeMethod(MethodInvocationHelper.java:139)
at org.testng.internal.invokers.TestInvoker.invokeMethod(TestInvoker.java:664)
at org.testng.internal.invokers.TestInvoker.invokeTestMethod(TestInvoker.java:227)
at org.testng.internal.invokers.MethodRunner.runInSequence(MethodRunner.java:50)
at org.testng.internal.invokers.TestInvoker$MethodInvocationAgent.invoke(TestInvoker.java:957)
at org.testng.internal.invokers.TestInvoker.invokeTestMethods(TestInvoker.java:200)
at org.testng.internal.invokers.TestMethodWorker.invokeTestMethods(TestMethodWorker.java:148)
at org.testng.internal.invokers.TestMethodWorker.run(TestMethodWorker.java:128)
at java.base/java.util.ArrayList.forEach(ArrayList.java:1511)
at org.testng.TestRunner.privateRun(TestRunner.java:848)
at org.testng.TestRunner.run(TestRunner.java:621)
at org.testng.SuiteRunner.runTest(SuiteRunner.java:443)
at org.testng.SuiteRunner.runSequentially(SuiteRunner.java:437)
at org.testng.SuiteRunner.privateRun(SuiteRunner.java:397)
at org.testng.SuiteRunner.run(SuiteRunner.java:336)
at org.testng.SuiteRunnerWorker.runSuite(SuiteRunnerWorker.java:52)
at org.testng.SuiteRunnerWorker.run(SuiteRunnerWorker.java:95)
at org.testng.TestNG.runSuitesSequentially(TestNG.java:1280)
at org.testng.TestNG.runSuitesLocally(TestNG.java:1200)
at org.testng.TestNG.runSuites(TestNG.java:1114)
at org.testng.TestNG.run(TestNG.java:1082)
at org.testng.remote.AbstractRemoteTestNG.run(AbstractRemoteTestNG.java:115)
at org.testng.remote.RemoteTestNG.initAndRun(RemoteTestNG.java:251)
at org.testng.remote.RemoteTestNG.main(RemoteTestNG.java:77)
]]>
    </error>
  </testcase> <!-- multiLogin -->
  <testcase classname="Tool.Edit_Flags" name="multiLogin" time="7.624"/>
  <testcase classname="Tool.Edit_Flags" name="multiLogin" time="7.584"/>
  <testcase classname="Tool.Edit_Flags" name="multiLogin" time="7.121"/>
  <testcase classname="Tool.Edit_Flags" name="multiLogin" time="7.976"/>
  <testcase classname="Tool.Edit_Flags" name="multiLogin" time="8.128"/>
  <testcase classname="Tool.Edit_Flags" name="multiLogin" time="68.897"/>
  <testcase classname="Tool.Edit_Flags" name="multiLogin" time="8.145"/>
  <testcase classname="Tool.Edit_Flags" name="multiLogin" time="8.030"/>
  <testcase classname="Tool.Edit_Flags" name="multiLogin" time="6.779"/>
  <testcase classname="Tool.Edit_Flags" name="multiLogin" time="8.203"/>
  <testcase classname="Tool.Edit_Flags" name="multiLogin" time="8.824"/>
  <testcase classname="Tool.Edit_Flags" name="multiLogin" time="7.799"/>
  <testcase classname="Tool.Edit_Flags" name="multiLogin" time="8.324"/>
  <testcase classname="Tool.Edit_Flags" name="multiLogin" time="8.143"/>
  <testcase classname="Tool.Edit_Flags" name="multiLogin" time="55.174"/>
  <testcase classname="Tool.Edit_Flags" name="multiLogin" time="7.917"/>
  <testcase classname="Tool.Edit_Flags" name="multiLogin" time="7.672"/>
</testsuite> <!-- Tool.Edit_Flags -->
